2023-07-14T00:14:05.005-05:00  INFO 67091 --- [http-nio-8090-exec-5] c.t.alumni.controller.UaaController      : Start login process
2023-07-14T00:43:21.914-05:00  INFO 67091 --- [http-nio-8090-exec-8] c.t.alumni.controller.UaaController      : Start login process
2023-07-14T00:43:29.382-05:00  INFO 67091 --- [http-nio-8090-exec-10] c.t.alumni.controller.UaaController      : Start login process
2023-07-14T00:54:15.282-05:00  INFO 67091 --- [http-nio-8090-exec-3] c.t.alumni.controller.UaaController      : Start login process
2023-07-14T00:56:07.753-05:00  INFO 67091 --- [SpringApplicationShutdownHook] j.LocalContainerEntityManagerFactoryBean : Closing JPA EntityManagerFactory for persistence unit 'default'
2023-07-14T00:56:07.903-05:00  INFO 67091 --- [SpringApplicationShutdownHook] com.zaxxer.hikari.HikariDataSource       : HikariPool-1 - Shutdown initiated...
2023-07-14T00:56:08.367-05:00  INFO 67091 --- [SpringApplicationShutdownHook] com.zaxxer.hikari.HikariDataSource       : HikariPool-1 - Shutdown completed.
2023-07-14T00:56:23.685-05:00  INFO 69815 --- [main] c.twohundred.alumni.AlumniApplication    : Starting AlumniApplication using Java 17.0.7 with PID 69815 (/Users/dinomov/Documents/MIU/WAA/Assignments/project/waa-july-2023-project/backend/target/classes started by dinomov in /Users/dinomov/Documents/MIU/WAA/Assignments/project/waa-july-2023-project/backend)
2023-07-14T00:56:23.689-05:00  INFO 69815 --- [main] c.twohundred.alumni.AlumniApplication    : No active profile set, falling back to 1 default profile: "default"
2023-07-14T00:56:25.060-05:00  INFO 69815 --- [main] .s.d.r.c.RepositoryConfigurationDelegate : Bootstrapping Spring Data JPA repositories in DEFAULT mode.
2023-07-14T00:56:25.208-05:00  INFO 69815 --- [main] .s.d.r.c.RepositoryConfigurationDelegate : Finished Spring Data repository scanning in 121 ms. Found 9 JPA repository interfaces.
2023-07-14T00:56:26.155-05:00  INFO 69815 --- [main] o.s.b.w.embedded.tomcat.TomcatWebServer  : Tomcat initialized with port(s): 8090 (http)
2023-07-14T00:56:26.168-05:00  INFO 69815 --- [main] o.apache.catalina.core.StandardService   : Starting service [Tomcat]
2023-07-14T00:56:26.169-05:00  INFO 69815 --- [main] o.apache.catalina.core.StandardEngine    : Starting Servlet engine: [Apache Tomcat/10.1.10]
2023-07-14T00:56:26.327-05:00  INFO 69815 --- [main] o.a.c.c.C.[Tomcat].[localhost].[/]       : Initializing Spring embedded WebApplicationContext
2023-07-14T00:56:26.327-05:00  INFO 69815 --- [main] w.s.c.ServletWebServerApplicationContext : Root WebApplicationContext: initialization completed in 2563 ms
2023-07-14T00:56:27.210-05:00  INFO 69815 --- [main] o.s.o.j.p.SpringPersistenceUnitInfo      : No LoadTimeWeaver setup: ignoring JPA class transformer
2023-07-14T00:56:27.235-05:00  INFO 69815 --- [main] com.zaxxer.hikari.HikariDataSource       : HikariPool-1 - Starting...
2023-07-14T00:56:27.867-05:00  INFO 69815 --- [main] com.zaxxer.hikari.pool.HikariPool        : HikariPool-1 - Added connection com.mysql.cj.jdbc.ConnectionImpl@6d001fbe
2023-07-14T00:56:27.873-05:00  INFO 69815 --- [main] com.zaxxer.hikari.HikariDataSource       : HikariPool-1 - Start completed.
2023-07-14T00:56:33.350-05:00  INFO 69815 --- [main] j.LocalContainerEntityManagerFactoryBean : Initialized JPA EntityManagerFactory for persistence unit 'default'
2023-07-14T00:56:34.130-05:00  INFO 69815 --- [main] o.s.d.j.r.query.QueryEnhancerFactory     : Hibernate is in classpath; If applicable, HQL parser will be used.
2023-07-14T00:56:35.090-05:00  WARN 69815 --- [main] JpaBaseConfiguration$JpaWebConfiguration : spring.jpa.open-in-view is enabled by default. Therefore, database queries may be performed during view rendering. Explicitly configure spring.jpa.open-in-view to disable this warning
2023-07-14T00:56:35.591-05:00  INFO 69815 --- [main] o.s.s.web.DefaultSecurityFilterChain     : Will secure any request with [org.springframework.security.web.session.DisableEncodeUrlFilter@1134a934, org.springframework.security.web.context.request.async.WebAsyncManagerIntegrationFilter@2cbd855e, org.springframework.security.web.context.SecurityContextHolderFilter@6a5a99d9, org.springframework.security.web.header.HeaderWriterFilter@35b70f9d, org.springframework.security.web.authentication.logout.LogoutFilter@5c8859b4, com.twohundred.alumni.filter.JwtFilter@1d1da00b, org.springframework.security.web.savedrequest.RequestCacheAwareFilter@eea69a9, org.springframework.security.web.servletapi.SecurityContextHolderAwareRequestFilter@28a33dc9, org.springframework.security.web.authentication.AnonymousAuthenticationFilter@534c3b9d, org.springframework.security.web.session.SessionManagementFilter@cf82c58, org.springframework.security.web.access.ExceptionTranslationFilter@4557723a, org.springframework.security.web.access.intercept.AuthorizationFilter@52e5ad71]
2023-07-14T00:56:36.039-05:00  INFO 69815 --- [main] o.s.b.w.embedded.tomcat.TomcatWebServer  : Tomcat started on port(s): 8090 (http) with context path ''
2023-07-14T00:56:36.049-05:00  INFO 69815 --- [main] c.twohundred.alumni.AlumniApplication    : Started AlumniApplication in 13.169 seconds (process running for 15.054)
2023-07-14T00:57:00.943-05:00  INFO 69815 --- [http-nio-8090-exec-1] o.a.c.c.C.[Tomcat].[localhost].[/]       : Initializing Spring DispatcherServlet 'dispatcherServlet'
2023-07-14T00:57:00.943-05:00  INFO 69815 --- [http-nio-8090-exec-1] o.s.web.servlet.DispatcherServlet        : Initializing Servlet 'dispatcherServlet'
2023-07-14T00:57:00.945-05:00  INFO 69815 --- [http-nio-8090-exec-1] o.s.web.servlet.DispatcherServlet        : Completed initialization in 1 ms
2023-07-14T00:57:01.174-05:00  INFO 69815 --- [http-nio-8090-exec-2] c.t.alumni.controller.UaaController      : Start login process
2023-07-14T01:03:39.554-05:00  INFO 69815 --- [http-nio-8090-exec-5] c.t.alumni.controller.UaaController      : Start login process
2023-07-14T01:07:02.798-05:00  INFO 69815 --- [http-nio-8090-exec-8] c.t.alumni.controller.UaaController      : Start login process
2023-07-14T01:11:08.322-05:00  INFO 69815 --- [http-nio-8090-exec-1] c.t.alumni.controller.UaaController      : Start login process
2023-07-14T01:12:08.065-05:00  INFO 69815 --- [http-nio-8090-exec-3] c.t.alumni.controller.UaaController      : Start login process
2023-07-14T01:12:50.068-05:00  INFO 69815 --- [http-nio-8090-exec-5] c.t.alumni.controller.UaaController      : Start login process
